<?xml version="1.0" encoding="UTF-8"?>
<!-- Generated by org.testng.reporters.JUnitReportReporter -->
<testsuite hostname="MSI" failures="0" tests="1" name="tests.SampleTest" time="0.359" errors="0" timestamp="2023-05-19T20:02:11 CDT" skipped="0">
  <testcase classname="tests.SampleTest" name="testingExcel" time="0.359"/>
  <system-out/>
</testsuite> <!-- tests.SampleTest -->
