<?xml version="1.0" encoding="UTF-8"?>
<!-- Generated by org.testng.reporters.JUnitReportReporter -->
<testsuite hostname="MSI" failures="0" tests="1" name="tests.addCustomerTest" time="0.946" errors="0" timestamp="2023-05-22T15:26:02 CDT" skipped="0">
  <testcase classname="tests.addCustomerTest" name="addCustomer" time="0.946"/>
  <system-out/>
</testsuite> <!-- tests.addCustomerTest -->
