<?xml version="1.0" encoding="UTF-8"?>
<!-- Generated by org.testng.reporters.JUnitReportReporter -->
<testsuite hostname="MSI" failures="0" tests="2" name="tests.logintest" time="1.387" errors="0" timestamp="2023-05-19T17:22:05 CDT" skipped="0">
  <testcase classname="tests.logintest" name="login" time="0.498"/>
  <system-out/>
  <testcase classname="tests.logintest" name="newAccount" time="0.889"/>
  <system-out/>
</testsuite> <!-- tests.logintest -->
