<?xml version="1.0" encoding="UTF-8"?>
<!-- Generated by org.testng.reporters.JUnitReportReporter -->
<testsuite hostname="MSI" failures="0" tests="2" name="tests.logintest" time="1.525" errors="0" timestamp="2023-05-22T15:26:02 CDT" skipped="0">
  <testcase classname="tests.logintest" name="login" time="0.568"/>
  <system-out/>
  <testcase classname="tests.logintest" name="newAccount" time="0.957"/>
  <system-out/>
</testsuite> <!-- tests.logintest -->
