<?xml version="1.0" encoding="UTF-8"?>
<!-- Generated by org.testng.reporters.JUnitReportReporter -->
<testsuite hostname="MSI" failures="0" tests="1" name="tests.addCustomerTest" time="3.940" errors="0" timestamp="2023-05-21T16:34:01 CDT" skipped="0">
  <testcase classname="tests.addCustomerTest" name="addCustomer" time="3.940"/>
  <system-out/>
</testsuite> <!-- tests.addCustomerTest -->
