<?xml version="1.0" encoding="UTF-8"?>
<!-- Generated by org.testng.reporters.JUnitReportReporter -->
<testsuite hostname="MSI" failures="0" tests="2" name="tests.logintest" time="1.896" errors="0" timestamp="2023-05-21T16:34:01 CDT" skipped="0">
  <testcase classname="tests.logintest" name="login" time="1.423"/>
  <system-out/>
  <testcase classname="tests.logintest" name="newAccount" time="0.473"/>
  <system-out/>
</testsuite> <!-- tests.logintest -->
