<?xml version="1.0" encoding="UTF-8"?>
<!-- Generated by org.testng.reporters.JUnitReportReporter -->
<testsuite hostname="MSI" failures="0" tests="2" name="tests.logintest" time="1.896" errors="0" timestamp="2023-05-22T15:35:56 CDT" skipped="0">
  <testcase classname="tests.logintest" name="login" time="0.850"/>
  <system-out/>
  <testcase classname="tests.logintest" name="newAccount" time="1.046"/>
  <system-out/>
</testsuite> <!-- tests.logintest -->
