<?xml version="1.0" encoding="UTF-8"?>
<!-- Generated by org.testng.reporters.JUnitReportReporter -->
<testsuite hostname="MSI" failures="0" tests="1" name="tests.addCustomerTest" time="1.632" errors="0" timestamp="2023-05-19T17:22:05 CDT" skipped="0">
  <testcase classname="tests.addCustomerTest" name="addCustomer" time="1.632"/>
  <system-out/>
</testsuite> <!-- tests.addCustomerTest -->
